<?xml version="1.0" encoding="UTF-8"?>
<!-- Generated by org.testng.reporters.JUnitXMLReporter -->
<testsuite hostname="DEEPANSHU26" ignored="0" name="Test" tests="14" failures="0" timestamp="2019-12-05T13:25:35 IST" time="388.809" errors="0">
  <testcase name="loginPage_titleTest" time="0.031" classname="com.CRM.testcase.LoginPageTest"/>
  <testcase name="logintest" time="1.141" classname="com.CRM.testcase.LoginPageTest"/>
  <testcase name="verifyUserNameTest" time="1.172" classname="com.CRM.testcase.HomePageTest"/>
  <testcase name="navigateToContactPage" time="4.556" classname="com.CRM.testcase.HomePageTest"/>
  <testcase name="verfifyHomePageTest" time="0.008" classname="com.CRM.testcase.HomePageTest"/>
  <testcase name="verfiyTitle" time="0.015" classname="com.CRM.testcase.ContactPageTest"/>
  <testcase name="addContactTest" time="21.244" classname="com.CRM.testcase.ContactPageTest"/>
  <testcase name="addContactTest" time="20.89" classname="com.CRM.testcase.ContactPageTest"/>
  <testcase name="addContactTest" time="20.44" classname="com.CRM.testcase.ContactPageTest"/>
  <testcase name="addContactTest" time="21.371" classname="com.CRM.testcase.ContactPageTest"/>
  <testcase name="deleteContactTest" time="17.881" classname="com.CRM.testcase.ContactPageTest"/>
  <testcase name="deleteContactTest" time="17.731" classname="com.CRM.testcase.ContactPageTest"/>
  <testcase name="deleteContactTest" time="17.677" classname="com.CRM.testcase.ContactPageTest"/>
  <testcase name="deleteContactTest" time="17.721" classname="com.CRM.testcase.ContactPageTest"/>
</testsuite> <!-- Test -->
