<?xml version="1.0" encoding="UTF-8"?>
<!-- Generated by org.testng.reporters.JUnitXMLReporter -->
<testsuite hostname="DEEPANSHU26" ignored="0" name="Test" tests="14" failures="0" timestamp="2019-12-04T16:40:48 IST" time="385.144" errors="0">
  <testcase name="loginPage_titleTest" time="0.022" classname="com.CRM.testcase.LoginPageTest"/>
  <testcase name="logintest" time="0.399" classname="com.CRM.testcase.LoginPageTest"/>
  <testcase name="verifyUserNameTest" time="0.961" classname="com.CRM.testcase.HomePageTest"/>
  <testcase name="navigateToContactPage" time="5.279" classname="com.CRM.testcase.HomePageTest"/>
  <testcase name="verfifyHomePageTest" time="0.007" classname="com.CRM.testcase.HomePageTest"/>
  <testcase name="verfiyTitle" time="0.012" classname="com.CRM.testcase.ContactPageTest"/>
  <testcase name="addContactTest" time="20.66" classname="com.CRM.testcase.ContactPageTest"/>
  <testcase name="addContactTest" time="20.675" classname="com.CRM.testcase.ContactPageTest"/>
  <testcase name="addContactTest" time="20.826" classname="com.CRM.testcase.ContactPageTest"/>
  <testcase name="addContactTest" time="20.505" classname="com.CRM.testcase.ContactPageTest"/>
  <testcase name="deleteContactTest" time="17.809" classname="com.CRM.testcase.ContactPageTest"/>
  <testcase name="deleteContactTest" time="17.609" classname="com.CRM.testcase.ContactPageTest"/>
  <testcase name="deleteContactTest" time="17.592" classname="com.CRM.testcase.ContactPageTest"/>
  <testcase name="deleteContactTest" time="17.58" classname="com.CRM.testcase.ContactPageTest"/>
</testsuite> <!-- Test -->
