<?xml version="1.0" encoding="UTF-8"?>
<testng-results skipped="0" failed="0" ignored="0" total="14" passed="14">
  <reporter-output>
  </reporter-output>
  <suite name="Suite" duration-ms="388809" started-at="2019-12-05T13:19:06 IST" finished-at="2019-12-05T13:25:35 IST">
    <groups>
    </groups>
    <test name="Test" duration-ms="388809" started-at="2019-12-05T13:19:06 IST" finished-at="2019-12-05T13:25:35 IST">
      <class name="com.CRM.testcase.HomePageTest">
        <test-method status="PASS" signature="initialisation()[pri:0, instance:com.CRM.testcase.HomePageTest@26aa12dd]" name="initialisation" is-config="true" duration-ms="12637" started-at="2019-12-05T13:19:39 IST" finished-at="2019-12-05T13:19:51 IST">
          <reporter-output>
          </reporter-output>
        </test-method> <!-- initialisation -->
        <test-method status="PASS" signature="verifyUserNameTest()[pri:1, instance:com.CRM.testcase.HomePageTest@26aa12dd]" name="verifyUserNameTest" duration-ms="1172" started-at="2019-12-05T13:19:51 IST" finished-at="2019-12-05T13:19:52 IST">
          <reporter-output>
          </reporter-output>
        </test-method> <!-- verifyUserNameTest -->
        <test-method status="PASS" signature="terminate()[pri:0, instance:com.CRM.testcase.HomePageTest@26aa12dd]" name="terminate" is-config="true" duration-ms="291" started-at="2019-12-05T13:19:52 IST" finished-at="2019-12-05T13:19:53 IST">
          <reporter-output>
          </reporter-output>
        </test-method> <!-- terminate -->
        <test-method status="PASS" signature="initialisation()[pri:0, instance:com.CRM.testcase.HomePageTest@26aa12dd]" name="initialisation" is-config="true" duration-ms="14348" started-at="2019-12-05T13:19:53 IST" finished-at="2019-12-05T13:20:07 IST">
          <reporter-output>
          </reporter-output>
        </test-method> <!-- initialisation -->
        <test-method status="PASS" signature="navigateToContactPage()[pri:2, instance:com.CRM.testcase.HomePageTest@26aa12dd]" name="navigateToContactPage" duration-ms="4556" started-at="2019-12-05T13:20:07 IST" finished-at="2019-12-05T13:20:12 IST">
          <reporter-output>
          </reporter-output>
        </test-method> <!-- navigateToContactPage -->
        <test-method status="PASS" signature="terminate()[pri:0, instance:com.CRM.testcase.HomePageTest@26aa12dd]" name="terminate" is-config="true" duration-ms="128" started-at="2019-12-05T13:20:12 IST" finished-at="2019-12-05T13:20:12 IST">
          <reporter-output>
          </reporter-output>
        </test-method> <!-- terminate -->
        <test-method status="PASS" signature="initialisation()[pri:0, instance:com.CRM.testcase.HomePageTest@26aa12dd]" name="initialisation" is-config="true" duration-ms="12745" started-at="2019-12-05T13:20:12 IST" finished-at="2019-12-05T13:20:25 IST">
          <reporter-output>
          </reporter-output>
        </test-method> <!-- initialisation -->
        <test-method status="PASS" signature="verfifyHomePageTest()[pri:3, instance:com.CRM.testcase.HomePageTest@26aa12dd]" name="verfifyHomePageTest" duration-ms="8" started-at="2019-12-05T13:20:25 IST" finished-at="2019-12-05T13:20:25 IST">
          <reporter-output>
          </reporter-output>
        </test-method> <!-- verfifyHomePageTest -->
        <test-method status="PASS" signature="terminate()[pri:0, instance:com.CRM.testcase.HomePageTest@26aa12dd]" name="terminate" is-config="true" duration-ms="104" started-at="2019-12-05T13:20:25 IST" finished-at="2019-12-05T13:20:25 IST">
          <reporter-output>
          </reporter-output>
        </test-method> <!-- terminate -->
      </class> <!-- com.CRM.testcase.HomePageTest -->
      <class name="com.CRM.testcase.ContactPageTest">
        <test-method status="PASS" signature="initialize()[pri:0, instance:com.CRM.testcase.ContactPageTest@3fd7a715]" name="initialize" is-config="true" duration-ms="18270" started-at="2019-12-05T13:20:25 IST" finished-at="2019-12-05T13:20:43 IST">
          <reporter-output>
          </reporter-output>
        </test-method> <!-- initialize -->
        <test-method status="PASS" signature="verfiyTitle()[pri:1, instance:com.CRM.testcase.ContactPageTest@3fd7a715]" name="verfiyTitle" duration-ms="15" started-at="2019-12-05T13:20:43 IST" finished-at="2019-12-05T13:20:43 IST">
          <reporter-output>
          </reporter-output>
        </test-method> <!-- verfiyTitle -->
        <test-method status="PASS" signature="terminate()[pri:0, instance:com.CRM.testcase.ContactPageTest@3fd7a715]" name="terminate" is-config="true" duration-ms="133" started-at="2019-12-05T13:20:43 IST" finished-at="2019-12-05T13:20:43 IST">
          <reporter-output>
          </reporter-output>
        </test-method> <!-- terminate -->
        <test-method status="PASS" signature="initialize()[pri:0, instance:com.CRM.testcase.ContactPageTest@3fd7a715]" name="initialize" is-config="true" duration-ms="17265" started-at="2019-12-05T13:20:44 IST" finished-at="2019-12-05T13:21:01 IST">
          <reporter-output>
          </reporter-output>
        </test-method> <!-- initialize -->
        <test-method status="PASS" signature="addContactTest(java.lang.String, java.lang.String, java.lang.String, java.lang.String)[pri:2, instance:com.CRM.testcase.ContactPageTest@3fd7a715]" name="addContactTest" duration-ms="21244" started-at="2019-12-05T13:21:01 IST" data-provider="getCRMtestdata" finished-at="2019-12-05T13:21:22 IST">
          <params>
            <param index="0">
              <value>
                <![CDATA[bherulaal]]>
              </value>
            </param>
            <param index="1">
              <value>
                <![CDATA[Bhaiya]]>
              </value>
            </param>
            <param index="2">
              <value>
                <![CDATA[tea stall]]>
              </value>
            </param>
            <param index="3">
              <value>
                <![CDATA[gori nagar]]>
              </value>
            </param>
          </params>
          <reporter-output>
          </reporter-output>
        </test-method> <!-- addContactTest -->
        <test-method status="PASS" signature="terminate()[pri:0, instance:com.CRM.testcase.ContactPageTest@3fd7a715]" name="terminate" is-config="true" duration-ms="126" started-at="2019-12-05T13:21:22 IST" finished-at="2019-12-05T13:21:22 IST">
          <reporter-output>
          </reporter-output>
        </test-method> <!-- terminate -->
        <test-method status="PASS" signature="initialize()[pri:0, instance:com.CRM.testcase.ContactPageTest@3fd7a715]" name="initialize" is-config="true" duration-ms="16448" started-at="2019-12-05T13:21:22 IST" finished-at="2019-12-05T13:21:39 IST">
          <reporter-output>
          </reporter-output>
        </test-method> <!-- initialize -->
        <test-method status="PASS" signature="addContactTest(java.lang.String, java.lang.String, java.lang.String, java.lang.String)[pri:2, instance:com.CRM.testcase.ContactPageTest@3fd7a715]" name="addContactTest" duration-ms="20890" started-at="2019-12-05T13:21:39 IST" data-provider="getCRMtestdata" finished-at="2019-12-05T13:22:00 IST">
          <params>
            <param index="0">
              <value>
                <![CDATA[chaman]]>
              </value>
            </param>
            <param index="1">
              <value>
                <![CDATA[jain]]>
              </value>
            </param>
            <param index="2">
              <value>
                <![CDATA[microsoft]]>
              </value>
            </param>
            <param index="3">
              <value>
                <![CDATA[rajwada]]>
              </value>
            </param>
          </params>
          <reporter-output>
          </reporter-output>
        </test-method> <!-- addContactTest -->
        <test-method status="PASS" signature="terminate()[pri:0, instance:com.CRM.testcase.ContactPageTest@3fd7a715]" name="terminate" is-config="true" duration-ms="132" started-at="2019-12-05T13:22:00 IST" finished-at="2019-12-05T13:22:00 IST">
          <reporter-output>
          </reporter-output>
        </test-method> <!-- terminate -->
        <test-method status="PASS" signature="initialize()[pri:0, instance:com.CRM.testcase.ContactPageTest@3fd7a715]" name="initialize" is-config="true" duration-ms="17152" started-at="2019-12-05T13:22:00 IST" finished-at="2019-12-05T13:22:17 IST">
          <reporter-output>
          </reporter-output>
        </test-method> <!-- initialize -->
        <test-method status="PASS" signature="addContactTest(java.lang.String, java.lang.String, java.lang.String, java.lang.String)[pri:2, instance:com.CRM.testcase.ContactPageTest@3fd7a715]" name="addContactTest" duration-ms="20440" started-at="2019-12-05T13:22:17 IST" data-provider="getCRMtestdata" finished-at="2019-12-05T13:22:38 IST">
          <params>
            <param index="0">
              <value>
                <![CDATA[sagar]]>
              </value>
            </param>
            <param index="1">
              <value>
                <![CDATA[kinkar]]>
              </value>
            </param>
            <param index="2">
              <value>
                <![CDATA[dudhwala]]>
              </value>
            </param>
            <param index="3">
              <value>
                <![CDATA[bhangiohalla]]>
              </value>
            </param>
          </params>
          <reporter-output>
          </reporter-output>
        </test-method> <!-- addContactTest -->
        <test-method status="PASS" signature="terminate()[pri:0, instance:com.CRM.testcase.ContactPageTest@3fd7a715]" name="terminate" is-config="true" duration-ms="123" started-at="2019-12-05T13:22:38 IST" finished-at="2019-12-05T13:22:38 IST">
          <reporter-output>
          </reporter-output>
        </test-method> <!-- terminate -->
        <test-method status="PASS" signature="initialize()[pri:0, instance:com.CRM.testcase.ContactPageTest@3fd7a715]" name="initialize" is-config="true" duration-ms="17181" started-at="2019-12-05T13:22:38 IST" finished-at="2019-12-05T13:22:55 IST">
          <reporter-output>
          </reporter-output>
        </test-method> <!-- initialize -->
        <test-method status="PASS" signature="addContactTest(java.lang.String, java.lang.String, java.lang.String, java.lang.String)[pri:2, instance:com.CRM.testcase.ContactPageTest@3fd7a715]" name="addContactTest" duration-ms="21371" started-at="2019-12-05T13:22:55 IST" data-provider="getCRMtestdata" finished-at="2019-12-05T13:23:16 IST">
          <params>
            <param index="0">
              <value>
                <![CDATA[shailu]]>
              </value>
            </param>
            <param index="1">
              <value>
                <![CDATA[kaul]]>
              </value>
            </param>
            <param index="2">
              <value>
                <![CDATA[paanwala]]>
              </value>
            </param>
            <param index="3">
              <value>
                <![CDATA[america]]>
              </value>
            </param>
          </params>
          <reporter-output>
          </reporter-output>
        </test-method> <!-- addContactTest -->
        <test-method status="PASS" signature="terminate()[pri:0, instance:com.CRM.testcase.ContactPageTest@3fd7a715]" name="terminate" is-config="true" duration-ms="120" started-at="2019-12-05T13:23:16 IST" finished-at="2019-12-05T13:23:16 IST">
          <reporter-output>
          </reporter-output>
        </test-method> <!-- terminate -->
        <test-method status="PASS" signature="initialize()[pri:0, instance:com.CRM.testcase.ContactPageTest@3fd7a715]" name="initialize" is-config="true" duration-ms="16984" started-at="2019-12-05T13:23:16 IST" finished-at="2019-12-05T13:23:33 IST">
          <reporter-output>
          </reporter-output>
        </test-method> <!-- initialize -->
        <test-method status="PASS" signature="deleteContactTest(java.lang.String, java.lang.String, java.lang.String, java.lang.String)[pri:3, instance:com.CRM.testcase.ContactPageTest@3fd7a715]" name="deleteContactTest" duration-ms="17881" started-at="2019-12-05T13:23:33 IST" data-provider="getCRMtestdata" finished-at="2019-12-05T13:23:51 IST">
          <params>
            <param index="0">
              <value>
                <![CDATA[bherulaal]]>
              </value>
            </param>
            <param index="1">
              <value>
                <![CDATA[Bhaiya]]>
              </value>
            </param>
            <param index="2">
              <value>
                <![CDATA[tea stall]]>
              </value>
            </param>
            <param index="3">
              <value>
                <![CDATA[gori nagar]]>
              </value>
            </param>
          </params>
          <reporter-output>
          </reporter-output>
        </test-method> <!-- deleteContactTest -->
        <test-method status="PASS" signature="terminate()[pri:0, instance:com.CRM.testcase.ContactPageTest@3fd7a715]" name="terminate" is-config="true" duration-ms="121" started-at="2019-12-05T13:23:51 IST" finished-at="2019-12-05T13:23:51 IST">
          <reporter-output>
          </reporter-output>
        </test-method> <!-- terminate -->
        <test-method status="PASS" signature="initialize()[pri:0, instance:com.CRM.testcase.ContactPageTest@3fd7a715]" name="initialize" is-config="true" duration-ms="16286" started-at="2019-12-05T13:23:51 IST" finished-at="2019-12-05T13:24:08 IST">
          <reporter-output>
          </reporter-output>
        </test-method> <!-- initialize -->
        <test-method status="PASS" signature="deleteContactTest(java.lang.String, java.lang.String, java.lang.String, java.lang.String)[pri:3, instance:com.CRM.testcase.ContactPageTest@3fd7a715]" name="deleteContactTest" duration-ms="17731" started-at="2019-12-05T13:24:08 IST" data-provider="getCRMtestdata" finished-at="2019-12-05T13:24:25 IST">
          <params>
            <param index="0">
              <value>
                <![CDATA[chaman]]>
              </value>
            </param>
            <param index="1">
              <value>
                <![CDATA[jain]]>
              </value>
            </param>
            <param index="2">
              <value>
                <![CDATA[microsoft]]>
              </value>
            </param>
            <param index="3">
              <value>
                <![CDATA[rajwada]]>
              </value>
            </param>
          </params>
          <reporter-output>
          </reporter-output>
        </test-method> <!-- deleteContactTest -->
        <test-method status="PASS" signature="terminate()[pri:0, instance:com.CRM.testcase.ContactPageTest@3fd7a715]" name="terminate" is-config="true" duration-ms="131" started-at="2019-12-05T13:24:25 IST" finished-at="2019-12-05T13:24:25 IST">
          <reporter-output>
          </reporter-output>
        </test-method> <!-- terminate -->
        <test-method status="PASS" signature="initialize()[pri:0, instance:com.CRM.testcase.ContactPageTest@3fd7a715]" name="initialize" is-config="true" duration-ms="16903" started-at="2019-12-05T13:24:25 IST" finished-at="2019-12-05T13:24:42 IST">
          <reporter-output>
          </reporter-output>
        </test-method> <!-- initialize -->
        <test-method status="PASS" signature="deleteContactTest(java.lang.String, java.lang.String, java.lang.String, java.lang.String)[pri:3, instance:com.CRM.testcase.ContactPageTest@3fd7a715]" name="deleteContactTest" duration-ms="17677" started-at="2019-12-05T13:24:42 IST" data-provider="getCRMtestdata" finished-at="2019-12-05T13:25:00 IST">
          <params>
            <param index="0">
              <value>
                <![CDATA[sagar]]>
              </value>
            </param>
            <param index="1">
              <value>
                <![CDATA[kinkar]]>
              </value>
            </param>
            <param index="2">
              <value>
                <![CDATA[dudhwala]]>
              </value>
            </param>
            <param index="3">
              <value>
                <![CDATA[bhangiohalla]]>
              </value>
            </param>
          </params>
          <reporter-output>
          </reporter-output>
        </test-method> <!-- deleteContactTest -->
        <test-method status="PASS" signature="terminate()[pri:0, instance:com.CRM.testcase.ContactPageTest@3fd7a715]" name="terminate" is-config="true" duration-ms="140" started-at="2019-12-05T13:25:00 IST" finished-at="2019-12-05T13:25:00 IST">
          <reporter-output>
          </reporter-output>
        </test-method> <!-- terminate -->
        <test-method status="PASS" signature="initialize()[pri:0, instance:com.CRM.testcase.ContactPageTest@3fd7a715]" name="initialize" is-config="true" duration-ms="16966" started-at="2019-12-05T13:25:00 IST" finished-at="2019-12-05T13:25:17 IST">
          <reporter-output>
          </reporter-output>
        </test-method> <!-- initialize -->
        <test-method status="PASS" signature="deleteContactTest(java.lang.String, java.lang.String, java.lang.String, java.lang.String)[pri:3, instance:com.CRM.testcase.ContactPageTest@3fd7a715]" name="deleteContactTest" duration-ms="17721" started-at="2019-12-05T13:25:17 IST" data-provider="getCRMtestdata" finished-at="2019-12-05T13:25:35 IST">
          <params>
            <param index="0">
              <value>
                <![CDATA[shailu]]>
              </value>
            </param>
            <param index="1">
              <value>
                <![CDATA[kaul]]>
              </value>
            </param>
            <param index="2">
              <value>
                <![CDATA[paanwala]]>
              </value>
            </param>
            <param index="3">
              <value>
                <![CDATA[america]]>
              </value>
            </param>
          </params>
          <reporter-output>
          </reporter-output>
        </test-method> <!-- deleteContactTest -->
        <test-method status="PASS" signature="terminate()[pri:0, instance:com.CRM.testcase.ContactPageTest@3fd7a715]" name="terminate" is-config="true" duration-ms="123" started-at="2019-12-05T13:25:35 IST" finished-at="2019-12-05T13:25:35 IST">
          <reporter-output>
          </reporter-output>
        </test-method> <!-- terminate -->
      </class> <!-- com.CRM.testcase.ContactPageTest -->
      <class name="com.CRM.testcase.LoginPageTest">
        <test-method status="PASS" signature="initialize()[pri:0, instance:com.CRM.testcase.LoginPageTest@131276c2]" name="initialize" is-config="true" duration-ms="17353" started-at="2019-12-05T13:19:06 IST" finished-at="2019-12-05T13:19:24 IST">
          <reporter-output>
          </reporter-output>
        </test-method> <!-- initialize -->
        <test-method status="PASS" signature="loginPage_titleTest()[pri:1, instance:com.CRM.testcase.LoginPageTest@131276c2]" name="loginPage_titleTest" duration-ms="31" started-at="2019-12-05T13:19:24 IST" finished-at="2019-12-05T13:19:24 IST">
          <reporter-output>
          </reporter-output>
        </test-method> <!-- loginPage_titleTest -->
        <test-method status="PASS" signature="terminate()[pri:0, instance:com.CRM.testcase.LoginPageTest@131276c2]" name="terminate" is-config="true" duration-ms="263" started-at="2019-12-05T13:19:24 IST" finished-at="2019-12-05T13:19:24 IST">
          <reporter-output>
          </reporter-output>
        </test-method> <!-- terminate -->
        <test-method status="PASS" signature="initialize()[pri:0, instance:com.CRM.testcase.LoginPageTest@131276c2]" name="initialize" is-config="true" duration-ms="13434" started-at="2019-12-05T13:19:24 IST" finished-at="2019-12-05T13:19:37 IST">
          <reporter-output>
          </reporter-output>
        </test-method> <!-- initialize -->
        <test-method status="PASS" signature="logintest()[pri:2, instance:com.CRM.testcase.LoginPageTest@131276c2]" name="logintest" duration-ms="1141" started-at="2019-12-05T13:19:37 IST" finished-at="2019-12-05T13:19:39 IST">
          <reporter-output>
          </reporter-output>
        </test-method> <!-- logintest -->
        <test-method status="PASS" signature="terminate()[pri:0, instance:com.CRM.testcase.LoginPageTest@131276c2]" name="terminate" is-config="true" duration-ms="115" started-at="2019-12-05T13:19:39 IST" finished-at="2019-12-05T13:19:39 IST">
          <reporter-output>
          </reporter-output>
        </test-method> <!-- terminate -->
      </class> <!-- com.CRM.testcase.LoginPageTest -->
    </test> <!-- Test -->
  </suite> <!-- Suite -->
</testng-results>
